#
# There is insufficient memory for the Java Runtime Environment to continue.
# Native memory allocation (mmap) failed to map 132120576 bytes for Failed to commit area from 0x0000000083a00000 to 0x000000008b800000 of length 132120576.
# Possible reasons:
#   The system is out of physical RAM or swap space
#   The process is running with CompressedOops enabled, and the Java Heap may be blocking the growth of the native heap
# Possible solutions:
#   Reduce memory load on the system
#   Increase physical memory or swap space
#   Check if swap backing store is full
#   Decrease Java heap size (-Xmx/-Xms)
#   Decrease number of Java threads
#   Decrease Java thread stack sizes (-Xss)
#   Set larger code cache with -XX:ReservedCodeCacheSize=
# This output file may be truncated or incomplete.
#
#  Out of Memory Error (./src/hotspot/os/windows/os_windows.cpp:3301), pid=7776, tid=7412
#
# JRE version:  (11.0.10) (build )
# Java VM: OpenJDK 64-Bit Server VM (11.0.10+0-b96-7249189, mixed mode, sharing, tiered, compressed oops, g1 gc, windows-amd64)
# No core dump will be written. Minidumps are not enabled by default on client versions of Windows
#

---------------  S U M M A R Y ------------

Command Line: org.jetbrains.git4idea.http.GitAskPassApp Username for 'https://github.com': 

Host: Intel(R) Core(TM) i3-1005G1 CPU @ 1.20GHz, 4 cores, 7G,  Windows 10 , 64 bit Build 19041 (10.0.19041.1151)
Time: Fri Aug 13 12:22:37 2021 Sri Lanka Standard Time elapsed time: 0.261254 seconds (0d 0h 0m 0s)

---------------  T H R E A D  ---------------

Current thread (0x0000021cb0d3b800):  JavaThread "Unknown thread" [_thread_in_vm, id=7412, stack(0x0000006506b00000,0x0000006506c00000)]

Stack: [0x0000006506b00000,0x0000006506c00000]
Native frames: (J=compiled Java code, j=interpreted, Vv=VM code, C=native code)
V  [jvm.dll+0x5ecfaa]
V  [jvm.dll+0x722bd5]
V  [jvm.dll+0x72412d]
V  [jvm.dll+0x7247e3]
V  [jvm.dll+0x242928]
V  [jvm.dll+0x5ea374]
V  [jvm.dll+0x5df425]
V  [jvm.dll+0x2fdebb]
V  [jvm.dll+0x2fde2a]
V  [jvm.dll+0x2fdd02]
V  [jvm.dll+0x302bf6]
V  [jvm.dll+0x34b2a3]
V  [jvm.dll+0x34b9a6]
V  [jvm.dll+0x34b3a3]
V  [jvm.dll+0x2d8888]
V  [jvm.dll+0x2d9a37]
V  [jvm.dll+0x701737]
V  [jvm.dll+0x702f2c]
V  [jvm.dll+0x3587d9]
V  [jvm.dll+0x6e4fae]
V  [jvm.dll+0x3c0be3]
V  [jvm.dll+0x3c2e91]
C  [jli.dll+0x5373]
C  [ucrtbase.dll+0x21bb2]
C  [KERNEL32.DLL+0x17034]
C  [ntdll.dll+0x52651]


---------------  P R O C E S S  ---------------

Threads class SMR info:
_java_thread_list=0x0000021caf31fbb0, length=0, elements={
}

Java Threads: ( => current thread )

Other Threads:
  0x0000021cb0d53000 GCTaskThread "GC Thread#0" [stack: 0x0000006506c00000,0x0000006506d00000] [id=4768]
  0x0000021cb0d83000 ConcurrentGCThread "G1 Main Marker" [stack: 0x0000006506d00000,0x0000006506e00000] [id=3636]
  0x0000021cb0d86800 ConcurrentGCThread "G1 Conc#0" [stack: 0x0000006506e00000,0x0000006506f00000] [id=10424]

[error occurred during error reporting (printing all threads), id 0xc0000005, EXCEPTION_ACCESS_VIOLATION (0xc0000005) at pc=0x00007ffb45819107]

VM state:not at safepoint (not fully initialized)

VM Mutex/Monitor currently owned by a thread:  ([mutex/lock_event])
[0x0000021cb0d37720] Heap_lock - owner thread: 0x0000021cb0d3b800

Heap address: 0x0000000083a00000, size: 1990 MB, Compressed Oops mode: Non-zero based: 0x0000000083a00000
Narrow klass base: 0x0000000000000000, Narrow klass shift: 0

GC Heap History (0 events):
No events

Deoptimization events (0 events):
No events

Classes redefined (0 events):
No events

Internal exceptions (0 events):
No events

Events (1 events):
Event: 0.199 Loaded shared library D:\Program Files\Android\Android Studio2\jre\bin\zip.dll


Dynamic libraries:
0x00007ff740c30000 - 0x00007ff740c3a000 	D:\Program Files\Android\Android Studio2\jre\bin\java.exe
0x00007ffb94370000 - 0x00007ffb94565000 	C:\Windows\SYSTEM32\ntdll.dll
0x00007ffb94180000 - 0x00007ffb9423d000 	C:\Windows\System32\KERNEL32.DLL
0x00007ffb91c10000 - 0x00007ffb91ed9000 	C:\Windows\System32\KERNELBASE.dll
0x00007ffb91fb0000 - 0x00007ffb920b0000 	C:\Windows\System32\ucrtbase.dll
0x00007ffb8d200000 - 0x00007ffb8d219000 	D:\Program Files\Android\Android Studio2\jre\bin\jli.dll
0x00007ffb832d0000 - 0x00007ffb832e7000 	D:\Program Files\Android\Android Studio2\jre\bin\VCRUNTIME140.dll
0x00007ffb93930000 - 0x00007ffb93ad0000 	C:\Windows\System32\USER32.dll
0x00007ffb91f80000 - 0x00007ffb91fa2000 	C:\Windows\System32\win32u.dll
0x00007ffb93c50000 - 0x00007ffb93c7a000 	C:\Windows\System32\GDI32.dll
0x00007ffb92270000 - 0x00007ffb9237b000 	C:\Windows\System32\gdi32full.dll
0x00007ffb91ee0000 - 0x00007ffb91f7d000 	C:\Windows\System32\msvcp_win.dll
0x00007ffb7f4c0000 - 0x00007ffb7f75a000 	C:\Windows\WinSxS\amd64_microsoft.windows.common-controls_6595b64144ccf1df_6.0.19041.1110_none_60b5254171f9507e\COMCTL32.dll
0x00007ffb927c0000 - 0x00007ffb9285e000 	C:\Windows\System32\msvcrt.dll
0x00007ffb937d0000 - 0x00007ffb93800000 	C:\Windows\System32\IMM32.DLL
0x00007ffb79f50000 - 0x00007ffb79fed000 	D:\Program Files\Android\Android Studio2\jre\bin\msvcp140.dll
0x00007ffb45530000 - 0x00007ffb45fff000 	D:\Program Files\Android\Android Studio2\jre\bin\server\jvm.dll
0x00007ffb92690000 - 0x00007ffb9273c000 	C:\Windows\System32\ADVAPI32.dll
0x00007ffb93bb0000 - 0x00007ffb93c4b000 	C:\Windows\System32\sechost.dll
0x00007ffb93800000 - 0x00007ffb9392a000 	C:\Windows\System32\RPCRT4.dll
0x00007ffb92740000 - 0x00007ffb92748000 	C:\Windows\System32\PSAPI.DLL
0x00007ffb77c20000 - 0x00007ffb77c47000 	C:\Windows\SYSTEM32\WINMM.dll
0x00007ffb89ee0000 - 0x00007ffb89eea000 	C:\Windows\SYSTEM32\VERSION.dll
0x00007ffb89ca0000 - 0x00007ffb89ca9000 	C:\Windows\SYSTEM32\WSOCK32.dll
0x00007ffb93610000 - 0x00007ffb9367b000 	C:\Windows\System32\ws2_32.DLL
0x00007ffb90330000 - 0x00007ffb90342000 	C:\Windows\SYSTEM32\kernel.appcore.dll
0x00007ffb89c80000 - 0x00007ffb89c91000 	D:\Program Files\Android\Android Studio2\jre\bin\verify.dll
0x00007ffb8f890000 - 0x00007ffb8fa74000 	C:\Windows\SYSTEM32\DBGHELP.DLL
0x00007ffb78db0000 - 0x00007ffb78ddc000 	C:\Windows\SYSTEM32\dbgcore.DLL
0x00007ffb91aa0000 - 0x00007ffb91b23000 	C:\Windows\System32\bcryptPrimitives.dll
0x00007ffb84330000 - 0x00007ffb84359000 	D:\Program Files\Android\Android Studio2\jre\bin\java.dll
0x00007ffb89c70000 - 0x00007ffb89c7b000 	D:\Program Files\Android\Android Studio2\jre\bin\jimage.dll
0x00007ffb7e7d0000 - 0x00007ffb7e7e8000 	D:\Program Files\Android\Android Studio2\jre\bin\zip.dll

dbghelp: loaded successfully - version: 4.0.5 - missing functions: none
symbol engine: initialized successfully - sym options: 0x614 - pdb path: .;D:\Program Files\Android\Android Studio2\jre\bin;C:\Windows\SYSTEM32;C:\Windows\WinSxS\amd64_microsoft.windows.common-controls_6595b64144ccf1df_6.0.19041.1110_none_60b5254171f9507e;D:\Program Files\Android\Android Studio2\jre\bin\server

VM Arguments:
java_command: org.jetbrains.git4idea.http.GitAskPassApp Username for 'https://github.com': 
java_class_path (initial): D:/Program Files/Android/Android Studio2/plugins/git4idea/lib/git4idea-rt.jar;D:/Program Files/Android/Android Studio2/lib/xmlrpc-2.0.1.jar;D:/Program Files/Android/Android Studio2/lib/commons-codec-1.14.jar
Launcher Type: SUN_STANDARD

[Global flags]
     intx CICompilerCount                          = 3                                         {product} {ergonomic}
     uint ConcGCThreads                            = 1                                         {product} {ergonomic}
     uint G1ConcRefinementThreads                  = 4                                         {product} {ergonomic}
   size_t G1HeapRegionSize                         = 1048576                                   {product} {ergonomic}
    uintx GCDrainStackTargetSize                   = 64                                        {product} {ergonomic}
   size_t InitialHeapSize                          = 132120576                                 {product} {ergonomic}
   size_t MarkStackSize                            = 4194304                                   {product} {ergonomic}
   size_t MaxHeapSize                              = 2086666240                                {product} {ergonomic}
   size_t MinHeapDeltaBytes                        = 1048576                                   {product} {ergonomic}
    uintx NonNMethodCodeHeapSize                   = 5830732                                {pd product} {ergonomic}
    uintx NonProfiledCodeHeapSize                  = 122913754                              {pd product} {ergonomic}
    uintx ProfiledCodeHeapSize                     = 122913754                              {pd product} {ergonomic}
    uintx ReservedCodeCacheSize                    = 251658240                              {pd product} {ergonomic}
     bool SegmentedCodeCache                       = true                                      {product} {ergonomic}
     bool UseCompressedClassPointers               = true                                 {lp64_product} {ergonomic}
     bool UseCompressedOops                        = true                                 {lp64_product} {ergonomic}
     bool UseG1GC                                  = true                                      {product} {ergonomic}
     bool UseLargePagesIndividualAllocation        = false                                  {pd product} {ergonomic}

Logging:
Log output configuration:
 #0: stdout all=warning uptime,level,tags
 #1: stderr all=off uptime,level,tags

Environment Variables:
JAVA_HOME=C:\Program Files\Java\jdk-16.0.2
PATH=C:\Program Files\Git\mingw64\libexec\git-core;C:\Program Files\Git\mingw64\libexec\git-core;C:\Program Files\Git\mingw64\bin;C:\Program Files\Git\usr\bin;C:\Users\DELL\bin;C:\Python39\Scripts;C:\Python39;C:\Program Files\Common Files\Oracle\Java\javapath;C:\Windows\system32;C:\Windows;C:\Windows\System32\Wbem;C:\Windows\System32\WindowsPowerShell\v1.0;C:\Windows\System32\OpenSSH;C:\Program Files\Java\jdk-16.0.2\bin;C:\ProgramData\chocolatey\bin;C:\Program Files\nodejs;C:\Program Files\Git\cmd;C:\Users\DELL\AppData\Local\Microsoft\WindowsApps;C:\Users\DELL\AppData\Local\Programs\Microsoft VS Code\bin;C:\Users\DELL\AppData\Roaming\npm
USERNAME=DELL
DISPLAY=:0.0
LC_ALL=en_US.UTF-8
OS=Windows_NT
PROCESSOR_IDENTIFIER=Intel64 Family 6 Model 126 Stepping 5, GenuineIntel



---------------  S Y S T E M  ---------------

OS: Windows 10 , 64 bit Build 19041 (10.0.19041.1151)
OS uptime: 1 days 1:46 hours

CPU:total 4 (initial active 4) (2 cores per cpu, 2 threads per core) family 6 model 126 stepping 5 microcode 0xa0, cmov, cx8, fxsr, mmx, sse, sse2, sse3, ssse3, sse4.1, sse4.2, popcnt, avx, avx2, aes, clmul, erms, 3dnowpref, lzcnt, ht, tsc, tscinvbit, bmi1, bmi2, adx, evex, sha, fma

Memory: 4k page, system-wide physical 7959M (395M free)
TotalPageFile size 23144M (AvailPageFile size 128M)
current process WorkingSet (physical memory assigned to process): 9M, peak: 9M
current process commit charge ("private bytes"): 51M, peak: 177M

vm_info: OpenJDK 64-Bit Server VM (11.0.10+0-b96-7249189) for windows-amd64 JRE (11.0.10+0-b96-7249189), built on Mar 31 2021 21:44:00 by "builder" with MS VC++ 14.0 (VS2015)

END.
